[debug] [2022-12-10T17:32:39.001Z] ----------------------------------------------------------------------
[debug] [2022-12-10T17:32:39.005Z] Command:       C:\Program Files\nodejs\node.exe C:\Users\DCL\AppData\Roaming\npm\node_modules\firebase-tools\lib\bin\firebase.js deploy
[debug] [2022-12-10T17:32:39.006Z] CLI Version:   11.17.0
[debug] [2022-12-10T17:32:39.006Z] Platform:      win32
[debug] [2022-12-10T17:32:39.006Z] Node Version:  v16.16.0
[debug] [2022-12-10T17:32:39.011Z] Time:          Sat Dec 10 2022 23:32:39 GMT+0600 (Bangladesh Standard Time)
[debug] [2022-12-10T17:32:39.011Z] ----------------------------------------------------------------------
[debug] 
[debug] [2022-12-10T17:32:39.141Z] > command requires scopes: ["email","openid","https://www.googleapis.com/auth/cloudplatformprojects.readonly","https://www.googleapis.com/auth/firebase","https://www.googleapis.com/auth/cloud-platform"]
[debug] [2022-12-10T17:32:39.142Z] > authorizing via signed-in user (mehadi.developer@gmail.com)
[debug] [2022-12-10T17:32:39.142Z] [iam] checking project portfoliowebsite-4366b for permissions ["firebase.projects.get","firebasehosting.sites.update"]
[debug] [2022-12-10T17:32:39.146Z] >>> [apiv2][query] POST https://cloudresourcemanager.googleapis.com/v1/projects/portfoliowebsite-4366b:testIamPermissions [none]
[debug] [2022-12-10T17:32:39.146Z] >>> [apiv2][(partial)header] POST https://cloudresourcemanager.googleapis.com/v1/projects/portfoliowebsite-4366b:testIamPermissions x-goog-quota-user=projects/portfoliowebsite-4366b
[debug] [2022-12-10T17:32:39.147Z] >>> [apiv2][body] POST https://cloudresourcemanager.googleapis.com/v1/projects/portfoliowebsite-4366b:testIamPermissions {"permissions":["firebase.projects.get","firebasehosting.sites.update"]}
[debug] [2022-12-10T17:32:40.628Z] <<< [apiv2][status] POST https://cloudresourcemanager.googleapis.com/v1/projects/portfoliowebsite-4366b:testIamPermissions 200
[debug] [2022-12-10T17:32:40.628Z] <<< [apiv2][body] POST https://cloudresourcemanager.googleapis.com/v1/projects/portfoliowebsite-4366b:testIamPermissions {"permissions":["firebase.projects.get","firebasehosting.sites.update"]}
[debug] [2022-12-10T17:32:40.630Z] >>> [apiv2][query] GET https://firebase.googleapis.com/v1beta1/projects/portfoliowebsite-4366b [none]
[debug] [2022-12-10T17:32:41.546Z] <<< [apiv2][status] GET https://firebase.googleapis.com/v1beta1/projects/portfoliowebsite-4366b 200
[debug] [2022-12-10T17:32:41.546Z] <<< [apiv2][body] GET https://firebase.googleapis.com/v1beta1/projects/portfoliowebsite-4366b {"projectId":"portfoliowebsite-4366b","projectNumber":"72005150488","displayName":"PortfolioWebsite","name":"projects/portfoliowebsite-4366b","resources":{"hostingSite":"portfoliowebsite-4366b"},"state":"ACTIVE","etag":"1_ddab64db-4aab-4fd9-8743-11e28e3a479b"}
[info] 
[info] === Deploying to 'portfoliowebsite-4366b'...
[info] 
[info] i  deploying hosting 
[debug] [2022-12-10T17:32:41.560Z] >>> [apiv2][query] POST https://firebasehosting.googleapis.com/v1beta1/projects/-/sites/portfoliowebsite-4366b/versions [none]
[debug] [2022-12-10T17:32:41.560Z] >>> [apiv2][body] POST https://firebasehosting.googleapis.com/v1beta1/projects/-/sites/portfoliowebsite-4366b/versions {"status":"CREATED","labels":{"deployment-tool":"cli-firebase"}}
[debug] [2022-12-10T17:32:42.762Z] <<< [apiv2][status] POST https://firebasehosting.googleapis.com/v1beta1/projects/-/sites/portfoliowebsite-4366b/versions 200
[debug] [2022-12-10T17:32:42.762Z] <<< [apiv2][body] POST https://firebasehosting.googleapis.com/v1beta1/projects/-/sites/portfoliowebsite-4366b/versions {"name":"projects/72005150488/sites/portfoliowebsite-4366b/versions/819a90b055dd61bf","status":"CREATED","config":{},"labels":{"deployment-tool":"cli-firebase"}}
[info] i  hosting[portfoliowebsite-4366b]: beginning deploy... 
[info] i  hosting[portfoliowebsite-4366b]: found 28 files in build 
[debug] [2022-12-10T17:32:42.792Z] [hosting] uploading with 200 concurrency
[debug] [2022-12-10T17:32:43.050Z] [hosting] hash cache [YnVpbGQ] stored for 28 files
[debug] [2022-12-10T17:32:43.050Z] [hosting][hash queue][FINAL] {"max":237,"min":7,"avg":61.892857142857146,"active":0,"complete":28,"success":28,"errored":0,"retried":0,"total":28,"elapsed":253}
[debug] [2022-12-10T17:32:43.051Z] >>> [apiv2][query] POST https://firebasehosting.googleapis.com/v1beta1/projects/72005150488/sites/portfoliowebsite-4366b/versions/819a90b055dd61bf:populateFiles [none]
[debug] [2022-12-10T17:32:43.051Z] >>> [apiv2][body] POST https://firebasehosting.googleapis.com/v1beta1/projects/72005150488/sites/portfoliowebsite-4366b/versions/819a90b055dd61bf:populateFiles {"files":{"/favicon.ico":"eae62e993eb980ec8a25058c39d5a51feab118bd2100c4deebb2a9c158ec11f9","/logo192.png":"3ee59515172ee198f3be375979df15ac5345183e656720a381b8872b2a39dc8b","/logo512.png":"ee7e2f3fdb8209c4b6fd7bef6ba50d1b9dba30a25bb5c3126df057e1cb6f5331","/manifest.json":"aff3449bdc238776f5d6d967f19ec491b36aed5fb7f23ccff6500736fd58494a","/robots.txt":"bfe106a3fb878dc83461c86818bf74fc1bdc7f28538ba613cd3e775516ce8b49","/asset-manifest.json":"37a185779d08e8fd975ae4e6c20100e53bf261b2909eb939541c535469e81f2d","/index.html":"5931d2ab933d59e4eec23e8634edad7ee3f82b53e61bc89eae55a07070284888","/mehadi.png":"46e10bfde19c9d51b96e8845c28e8f98c49514ba03a3ed52cc5245093174ab00","/static/css/main.eb2ce449.css":"1d2edba17b315c7e0a00cb59aeee9d375c9553b010158534f6df86942c0e1447","/static/js/787.ed5c2664.chunk.js":"02bff61617b1c97d9eb0394330ac07474a9c24e529aa2a1a70144d674b6fcd4a","/static/js/main.e3a0d29e.js.LICENSE.txt":"a1e10079e8155bc5525d13d0464e64acbd892cb93e51621cce5f31f1c4cc8fe3","/static/css/main.eb2ce449.css.map":"9201d217f726018de757aeeb23e0eff1d681a466af50f55c4628c52eeeea102b","/static/media/css.212d777ae2db63edb235490d487dc292.svg":"4317f02dadd1ef2d9ec042313ea4c815d317d09d81653dcdb8ee985e40d77b64","/static/js/787.ed5c2664.chunk.js.map":"c504aa6151346b94257b5ef1104937a05577caa545062e98cad3afcbd66c23ef","/static/media/firebase.372efba1f106a394db93b450f650bd70.svg":"7ede99ed14b72cd7d21309bdfe2e1f4a1a5748ea023d8309575322d126c42c52","/static/media/git.4e11bfbcf21ed0e74f25ba7d1d2d1ee2.svg":"63e1d1a64f9fd5b1193a02e9f94a041e8e9f1a8f3f29b6822041a8ebdb45c32c","/static/media/Html.e7638e3676622c76a46ece6c46136fd4.svg":"ff00db722373fab16629e1b8d9b7fd43a17434f645a1082a91490028f9624783","/static/media/js.ffcf56dc5498f7bbbec802191c740e5f.svg":"f1b428778ab455d516da957d86a1d40744a83214ce7232446c9ddcd3df8a4c54","/static/media/mongodb.153b7b440efa05666029a47da0d0baa0.svg":"bf4bd4d3ded951a5b70084fcefbecc97a5468f70a23e3cd2463d9122f22a2e50","/static/media/nodejs.3dc364b8e9beb3561620274aea4f0844.svg":"9903e73682b3f9568467e8b60a66c83ce11f37abf93602883c813159f9cd25bc","/static/media/react.e27571eaed899c642345e71163624ef9.svg":"75b22ada1edb5a2a65c7ede3b7e47c55345c8c36c3bf0be3e7f0338558564efa","/static/js/main.e3a0d29e.js":"7a3d1971641eeb21842523c4fd5433843db4f6849c5a18ca0d030c070e11968e","/static/media/mehadi.36a3cc751e453332dd6d.png":"c4efc49d16c2512a69bfac62f797d5e754bbe1334b880917c240bb62b3a504ee","/Md Zahirul Islam Mehadi's Resume.pdf":"9a0d6c7186ed3da592bf8de3f23c22e5362627cb02ecd38aa853426debdf977c","/static/media/educourx.388a0401839d7cc85e7f.png":"e291b1a8d042e3de2a6c786cdddb9cad60a821e9a2bce1fac6783240fdfdbad7","/static/media/MuscleMaster.934abf20452d4389f3e4.png":"de83be34a77c0bb9c7ca7f70780ae77a5b6d7be57fce878a0753e2ce2de145d5","/static/media/PreciousCameras.5c432084204aeb95de63.png":"037545054eaad9ed580b7122dad916bdae1a5756f4bc00f5b859e61be471629b","/static/js/main.e3a0d29e.js.map":"22b07542cb147fa5d4ddbe5bd712db8f6208ed5c3676c4713f0a3ebdc6274ce8"}}
[debug] [2022-12-10T17:32:43.892Z] <<< [apiv2][status] POST https://firebasehosting.googleapis.com/v1beta1/projects/72005150488/sites/portfoliowebsite-4366b/versions/819a90b055dd61bf:populateFiles 200
[debug] [2022-12-10T17:32:43.892Z] <<< [apiv2][body] POST https://firebasehosting.googleapis.com/v1beta1/projects/72005150488/sites/portfoliowebsite-4366b/versions/819a90b055dd61bf:populateFiles {"uploadRequiredHashes":["46e10bfde19c9d51b96e8845c28e8f98c49514ba03a3ed52cc5245093174ab00","9201d217f726018de757aeeb23e0eff1d681a466af50f55c4628c52eeeea102b","5931d2ab933d59e4eec23e8634edad7ee3f82b53e61bc89eae55a07070284888","1d2edba17b315c7e0a00cb59aeee9d375c9553b010158534f6df86942c0e1447","7a3d1971641eeb21842523c4fd5433843db4f6849c5a18ca0d030c070e11968e","22b07542cb147fa5d4ddbe5bd712db8f6208ed5c3676c4713f0a3ebdc6274ce8","9a0d6c7186ed3da592bf8de3f23c22e5362627cb02ecd38aa853426debdf977c","37a185779d08e8fd975ae4e6c20100e53bf261b2909eb939541c535469e81f2d"],"uploadUrl":"https://upload-firebasehosting.googleapis.com/upload/sites/portfoliowebsite-4366b/versions/819a90b055dd61bf/files"}
[debug] [2022-12-10T17:32:43.896Z] >>> [apiv2][query] POST https://upload-firebasehosting.googleapis.com/upload/sites/portfoliowebsite-4366b/versions/819a90b055dd61bf/files/46e10bfde19c9d51b96e8845c28e8f98c49514ba03a3ed52cc5245093174ab00 [none]
[debug] [2022-12-10T17:32:43.897Z] >>> [apiv2][body] POST https://upload-firebasehosting.googleapis.com/upload/sites/portfoliowebsite-4366b/versions/819a90b055dd61bf/files/46e10bfde19c9d51b96e8845c28e8f98c49514ba03a3ed52cc5245093174ab00 [stream]
[debug] [2022-12-10T17:32:43.899Z] >>> [apiv2][query] POST https://upload-firebasehosting.googleapis.com/upload/sites/portfoliowebsite-4366b/versions/819a90b055dd61bf/files/9201d217f726018de757aeeb23e0eff1d681a466af50f55c4628c52eeeea102b [none]
[debug] [2022-12-10T17:32:43.900Z] >>> [apiv2][body] POST https://upload-firebasehosting.googleapis.com/upload/sites/portfoliowebsite-4366b/versions/819a90b055dd61bf/files/9201d217f726018de757aeeb23e0eff1d681a466af50f55c4628c52eeeea102b [stream]
[debug] [2022-12-10T17:32:43.901Z] >>> [apiv2][query] POST https://upload-firebasehosting.googleapis.com/upload/sites/portfoliowebsite-4366b/versions/819a90b055dd61bf/files/5931d2ab933d59e4eec23e8634edad7ee3f82b53e61bc89eae55a07070284888 [none]
[debug] [2022-12-10T17:32:43.902Z] >>> [apiv2][body] POST https://upload-firebasehosting.googleapis.com/upload/sites/portfoliowebsite-4366b/versions/819a90b055dd61bf/files/5931d2ab933d59e4eec23e8634edad7ee3f82b53e61bc89eae55a07070284888 [stream]
[debug] [2022-12-10T17:32:43.903Z] >>> [apiv2][query] POST https://upload-firebasehosting.googleapis.com/upload/sites/portfoliowebsite-4366b/versions/819a90b055dd61bf/files/1d2edba17b315c7e0a00cb59aeee9d375c9553b010158534f6df86942c0e1447 [none]
[debug] [2022-12-10T17:32:43.903Z] >>> [apiv2][body] POST https://upload-firebasehosting.googleapis.com/upload/sites/portfoliowebsite-4366b/versions/819a90b055dd61bf/files/1d2edba17b315c7e0a00cb59aeee9d375c9553b010158534f6df86942c0e1447 [stream]
[debug] [2022-12-10T17:32:43.905Z] >>> [apiv2][query] POST https://upload-firebasehosting.googleapis.com/upload/sites/portfoliowebsite-4366b/versions/819a90b055dd61bf/files/7a3d1971641eeb21842523c4fd5433843db4f6849c5a18ca0d030c070e11968e [none]
[debug] [2022-12-10T17:32:43.905Z] >>> [apiv2][body] POST https://upload-firebasehosting.googleapis.com/upload/sites/portfoliowebsite-4366b/versions/819a90b055dd61bf/files/7a3d1971641eeb21842523c4fd5433843db4f6849c5a18ca0d030c070e11968e [stream]
[debug] [2022-12-10T17:32:43.907Z] >>> [apiv2][query] POST https://upload-firebasehosting.googleapis.com/upload/sites/portfoliowebsite-4366b/versions/819a90b055dd61bf/files/22b07542cb147fa5d4ddbe5bd712db8f6208ed5c3676c4713f0a3ebdc6274ce8 [none]
[debug] [2022-12-10T17:32:43.907Z] >>> [apiv2][body] POST https://upload-firebasehosting.googleapis.com/upload/sites/portfoliowebsite-4366b/versions/819a90b055dd61bf/files/22b07542cb147fa5d4ddbe5bd712db8f6208ed5c3676c4713f0a3ebdc6274ce8 [stream]
[debug] [2022-12-10T17:32:43.908Z] >>> [apiv2][query] POST https://upload-firebasehosting.googleapis.com/upload/sites/portfoliowebsite-4366b/versions/819a90b055dd61bf/files/9a0d6c7186ed3da592bf8de3f23c22e5362627cb02ecd38aa853426debdf977c [none]
[debug] [2022-12-10T17:32:43.909Z] >>> [apiv2][body] POST https://upload-firebasehosting.googleapis.com/upload/sites/portfoliowebsite-4366b/versions/819a90b055dd61bf/files/9a0d6c7186ed3da592bf8de3f23c22e5362627cb02ecd38aa853426debdf977c [stream]
[debug] [2022-12-10T17:32:43.910Z] >>> [apiv2][query] POST https://upload-firebasehosting.googleapis.com/upload/sites/portfoliowebsite-4366b/versions/819a90b055dd61bf/files/37a185779d08e8fd975ae4e6c20100e53bf261b2909eb939541c535469e81f2d [none]
[debug] [2022-12-10T17:32:43.910Z] >>> [apiv2][body] POST https://upload-firebasehosting.googleapis.com/upload/sites/portfoliowebsite-4366b/versions/819a90b055dd61bf/files/37a185779d08e8fd975ae4e6c20100e53bf261b2909eb939541c535469e81f2d [stream]
[debug] [2022-12-10T17:32:43.912Z] [hosting][populate queue][FINAL] {"max":848,"min":848,"avg":848,"active":0,"complete":1,"success":1,"errored":0,"retried":0,"total":1,"elapsed":864}
[debug] [2022-12-10T17:32:43.912Z] [hosting] uploads queued: 8
[debug] [2022-12-10T17:32:45.529Z] <<< [apiv2][status] POST https://upload-firebasehosting.googleapis.com/upload/sites/portfoliowebsite-4366b/versions/819a90b055dd61bf/files/9201d217f726018de757aeeb23e0eff1d681a466af50f55c4628c52eeeea102b 200
[debug] [2022-12-10T17:32:45.529Z] <<< [apiv2][body] POST https://upload-firebasehosting.googleapis.com/upload/sites/portfoliowebsite-4366b/versions/819a90b055dd61bf/files/9201d217f726018de757aeeb23e0eff1d681a466af50f55c4628c52eeeea102b [stream]
[debug] [2022-12-10T17:32:45.711Z] <<< [apiv2][status] POST https://upload-firebasehosting.googleapis.com/upload/sites/portfoliowebsite-4366b/versions/819a90b055dd61bf/files/22b07542cb147fa5d4ddbe5bd712db8f6208ed5c3676c4713f0a3ebdc6274ce8 200
[debug] [2022-12-10T17:32:45.711Z] <<< [apiv2][body] POST https://upload-firebasehosting.googleapis.com/upload/sites/portfoliowebsite-4366b/versions/819a90b055dd61bf/files/22b07542cb147fa5d4ddbe5bd712db8f6208ed5c3676c4713f0a3ebdc6274ce8 [stream]
